Started on Jul 3, 2018 6:31:55 PM
Using strategy: Default
[poll] Last Built Revision: Revision d767a485f894ac25adbc42f92357c754dfeaaf63 (origin/master)
ERROR: Failed to record SCM polling for hudson.model.FreeStyleProject@45ab860c[wllab-deploy-custom]
[8mha:////4KRoIyiKPkRzGQ8CzQ8iWRNDjXmbYsxPRV54UuHcUkzKAAAAVx+LCAAAAAAAAP9b85aBtbiIQSmjNKU4P08vOT+vOD8nVc8DzHWtSE4tKMnMz/PLL0mV3NWzufebKBsTA0NFEYMUmgZnCA1SyAABjCCFBQC2xNaiYAAAAA==[0mjava.lang.NullPointerException
	at hudson.model.RunParameterDefinition.getDefaultParameterValue(RunParameterDefinition.java:174)
	at hudson.plugins.git.util.GitUtils.addEnvironmentContributingActionsValues(GitUtils.java:332)
	at hudson.plugins.git.util.GitUtils.getPollEnvironment(GitUtils.java:309)
	at hudson.plugins.git.GitSCM.compareRemoteRevisionWithImpl(GitSCM.java:682)
	at hudson.plugins.git.GitSCM.compareRemoteRevisionWith(GitSCM.java:657)
	at hudson.scm.SCM.compareRemoteRevisionWith(SCM.java:391)
	at hudson.scm.SCM.poll(SCM.java:408)
	at hudson.model.AbstractProject._poll(AbstractProject.java:1394)
	at hudson.model.AbstractProject.poll(AbstractProject.java:1297)
	at hudson.triggers.SCMTrigger$Runner.runPolling(SCMTrigger.java:594)
	at hudson.triggers.SCMTrigger$Runner.run(SCMTrigger.java:640)
	at hudson.util.SequentialExecutionQueue$QueueEntry.run(SequentialExecutionQueue.java:119)
	at java.util.concurrent.Executors$RunnableAdapter.call(Executors.java:511)
	at java.util.concurrent.FutureTask.run(FutureTask.java:266)
	at java.util.concurrent.ThreadPoolExecutor.runWorker(ThreadPoolExecutor.java:1149)
	at java.util.concurrent.ThreadPoolExecutor$Worker.run(ThreadPoolExecutor.java:624)
	at java.lang.Thread.run(Thread.java:748)
