19-Jun-2018 13:46:28.888 INFO [main] org.apache.coyote.AbstractProtocol.init Initializing ProtocolHandler ["http-nio-8081"]
19-Jun-2018 13:46:28.992 INFO [main] org.apache.tomcat.util.net.NioSelectorPool.getSharedSelector Using a shared selector for servlet write/read
19-Jun-2018 13:46:29.032 INFO [main] org.apache.coyote.AbstractProtocol.init Initializing ProtocolHandler ["ajp-nio-8019"]
19-Jun-2018 13:46:29.046 INFO [main] org.apache.tomcat.util.net.NioSelectorPool.getSharedSelector Using a shared selector for servlet write/read
19-Jun-2018 13:46:29.111 INFO [main] org.apache.catalina.core.StandardService.startInternal Starting service Catalina
19-Jun-2018 13:46:29.121 INFO [main] org.apache.catalina.core.StandardEngine.startInternal Starting Servlet Engine: Apache Tomcat/8.0.39
19-Jun-2018 13:46:29.266 INFO [localhost-startStop-1] org.apache.catalina.startup.HostConfig.deployDescriptor Deploying configuration descriptor /opt/jfrog/artifactory/tomcat/conf/Catalina/localhost/artifactory.xml
19-Jun-2018 13:46:47.313 INFO [localhost-startStop-1] org.apache.catalina.startup.HostConfig.deployDescriptor Deployment of configuration descriptor /opt/jfrog/artifactory/tomcat/conf/Catalina/localhost/artifactory.xml has finished in 18,048 ms
19-Jun-2018 13:46:47.318 INFO [localhost-startStop-1] org.apache.catalina.startup.HostConfig.deployDirectory Deploying web application directory /opt/jfrog/artifactory/tomcat/webapps/ROOT
19-Jun-2018 13:46:47.496 INFO [localhost-startStop-1] org.apache.catalina.startup.HostConfig.deployDirectory Deployment of web application directory /opt/jfrog/artifactory/tomcat/webapps/ROOT has finished in 177 ms
19-Jun-2018 13:46:47.548 INFO [main] org.apache.coyote.AbstractProtocol.start Starting ProtocolHandler ["http-nio-8081"]
19-Jun-2018 13:46:47.579 INFO [main] org.apache.coyote.AbstractProtocol.start Starting ProtocolHandler ["ajp-nio-8019"]
19-Jun-2018 14:55:48.280 INFO [main] org.apache.coyote.AbstractProtocol.init Initializing ProtocolHandler ["http-nio-8081"]
19-Jun-2018 14:55:48.335 INFO [main] org.apache.tomcat.util.net.NioSelectorPool.getSharedSelector Using a shared selector for servlet write/read
19-Jun-2018 14:55:48.343 INFO [main] org.apache.coyote.AbstractProtocol.init Initializing ProtocolHandler ["ajp-nio-8019"]
19-Jun-2018 14:55:48.346 INFO [main] org.apache.tomcat.util.net.NioSelectorPool.getSharedSelector Using a shared selector for servlet write/read
19-Jun-2018 14:55:48.362 INFO [main] org.apache.catalina.core.StandardService.startInternal Starting service Catalina
19-Jun-2018 14:55:48.364 INFO [main] org.apache.catalina.core.StandardEngine.startInternal Starting Servlet Engine: Apache Tomcat/8.0.39
19-Jun-2018 14:55:48.394 INFO [localhost-startStop-1] org.apache.catalina.startup.HostConfig.deployDescriptor Deploying configuration descriptor /opt/jfrog/artifactory/tomcat/conf/Catalina/localhost/artifactory.xml
19-Jun-2018 14:56:05.816 INFO [localhost-startStop-1] org.apache.catalina.startup.HostConfig.deployDescriptor Deployment of configuration descriptor /opt/jfrog/artifactory/tomcat/conf/Catalina/localhost/artifactory.xml has finished in 17,421 ms
19-Jun-2018 14:56:05.852 INFO [localhost-startStop-1] org.apache.catalina.startup.HostConfig.deployDirectory Deploying web application directory /opt/jfrog/artifactory/tomcat/webapps/ROOT
19-Jun-2018 14:56:05.928 INFO [localhost-startStop-1] org.apache.catalina.startup.HostConfig.deployDirectory Deployment of web application directory /opt/jfrog/artifactory/tomcat/webapps/ROOT has finished in 76 ms
19-Jun-2018 14:56:05.964 INFO [main] org.apache.coyote.AbstractProtocol.start Starting ProtocolHandler ["http-nio-8081"]
19-Jun-2018 14:56:05.996 INFO [main] org.apache.coyote.AbstractProtocol.start Starting ProtocolHandler ["ajp-nio-8019"]
