2018-05-29 21:40:39,136 [art-init] [INFO ] (o.a.w.s.ArtifactoryContextConfigListener:269) - 
                _   _  __           _                      ____   _____ _____
     /\        | | (_)/ _|         | |                    / __ \ / ____/ ____|
    /  \   _ __| |_ _| |_ __ _  ___| |_ ___  _ __ _   _  | |  | | (___| (___
   / /\ \ | '__| __| |  _/ _` |/ __| __/ _ \| '__| | | | | |  | |\___ \\___ \
  / ____ \| |  | |_| | || (_| | (__| || (_) | |  | |_| | | |__| |____) |___) |
 /_/    \_\_|   \__|_|_| \__,_|\___|\__\___/|_|   \__, |  \____/|_____/_____/
 Version:  5.0.0                                   __/ |
 Revision: 50007                                  |___/
 Artifactory Home: '/opt/jfrog/artifactory'

2018-05-29 21:40:39,443 [art-init] [INFO ] (o.a.s.ArtifactoryApplicationContext:433) - Artifactory application context set to NOT READY by refresh
2018-05-29 21:40:39,447 [art-init] [INFO ] (o.a.s.ArtifactoryApplicationContext:213) - Refreshing Artifactory: startup date [Tue May 29 21:40:39 UTC 2018]; root of context hierarchy
2018-05-29 21:40:50,493 [art-init] [INFO ] (o.a.s.d.DbServiceImpl:191) - Database: Apache Derby 10.11.1.1 - (1616546). Driver: Apache Derby Embedded JDBC Driver 10.11.1.1 - (1616546)
2018-05-29 21:40:50,500 [art-init] [INFO ] (o.a.s.d.DbServiceImpl:193) - Connection URL: jdbc:derby:/opt/jfrog/artifactory/data/derby
2018-05-29 21:40:50,581 [art-init] [INFO ] (o.a.s.d.DbServiceImpl:107) - ***Creating database schema***
2018-05-29 21:40:58,033 [art-init] [INFO ] (o.j.s.b.p.t.BinaryProviderClassScanner:76) - Added 'empty, external-file, external-wrapper, file-system, cache-fs, retry' from jar:file:/opt/jfrog/artifactory/tomcat/webapps/artifactory/WEB-INF/lib/binary-store-core-2.0.3.jar!/
2018-05-29 21:40:58,040 [art-init] [INFO ] (o.j.s.b.p.t.BinaryProviderClassScanner:76) - Added 'blob' from jar:file:/opt/jfrog/artifactory/tomcat/webapps/artifactory/WEB-INF/lib/artifactory-storage-db-5.0.0.jar!/
2018-05-29 21:41:05,501 [art-init] [INFO ] (o.a.s.ArtifactorySchedulerFactoryBean:647) - Starting Quartz Scheduler now
2018-05-29 21:41:05,667 [art-init] [INFO ] (o.a.s.ArtifactoryApplicationContext:220) - Artifactory context starting up 37 Spring Beans...
2018-05-29 21:41:05,726 [art-init] [INFO ] (o.a.c.CentralConfigServiceImpl:208) - Loading bootstrap configuration (artifactory home dir is /opt/jfrog/artifactory).
2018-05-29 21:41:06,400 [art-init] [INFO ] (o.a.c.CentralConfigServiceImpl:250) - Saving new configuration in storage...
2018-05-29 21:41:06,524 [art-init] [INFO ] (o.a.c.CentralConfigServiceImpl:254) - New configuration saved.
2018-05-29 21:41:06,616 [art-init] [INFO ] (o.a.i.InfoWriter    :87) - 

 SYSTEM INFORMATION DUMP
 =======================

 User Info
 ========================
   user.dir                                                              | /
   user.home                                                             | /home/artifactory
   user.language                                                         | en
   user.name                                                             | artifactory
   user.timezone                                                         | Etc/UTC

 Host Info
 ========================
   Available Processors                                                  | 8
   Heap Memory Usage-Commited                                            | 536870912
   Heap Memory Usage-Init                                                | 536870912
   Heap Memory Usage-Max                                                 | 2147483648
   Heap Memory Usage-Used                                                | 309868544
   Non-Heap Memory Usage-Commited                                        | 91947008
   Non-Heap Memory Usage-Init                                            | 2555904
   Non-Heap Memory Usage-Max                                             | -1
   Non-Heap Memory Usage-Used                                            | 89250400
   os.arch                                                               | amd64
   os.name                                                               | Linux
   os.version                                                            | 4.9.87-linuxkit-aufs

 Artifactory Info
 ========================
   artifactory.runMode.test                                              | false
   artifactory.runMode.qa                                                | false
   artifactory.runMode.dev                                               | false
   artifactory.runMode.devHa                                             | false
   artifactory.version                                                   | 5.0.0
   artifactory.revision                                                  | 50007
   artifactory.timestamp                                                 | 1485873365822
   artifactory.servlet.supportUrlSessionTracking                         | false
   artifactory.addons.disabled                                           | 
   artifactory.addons.info.url                                           | http://service.jfrog.org/artifactory/addons/info/%s
   artifactory.addons.info.url                                           | http://www.jfrog.com/confluence/display/RTF/%s
   artifactory.async.corePoolSize                                        | 32
   artifactory.async.poolTtlSecs                                         | 60
   artifactory.async.poolMaxQueueSize                                    | 10000
   artifactory.versioningQueryIntervalSecs                               | 7200
   artifactory.logs.viewRefreshRateSecs                                  | 10
   artifactory.locks.timeoutSecs                                         | 120
   artifactory.locks.debugTimeouts                                       | false
   artifactory.task.completionLockTimeoutRetries                         | 100
   artifactory.repo.concurrentDownloadSyncTimeoutSecs                    | 900
   artifactory.repo.downloadStatsEnabled                                 | true
   artifactory.repo.global.disabled                                      | true
   artifactory.fsitem.cache.idleTimeSecs                                 | 1200
   artifactory.docker.tokens.cache.idleTimeSecs                          | 240
   artifactory.artifactory.tokens.cache.idleTimeSecs                     | 300
   artifactory.cacheFS.sync.quietPeriodSecs                              | 900
   artifactory.search.maxResults                                         | 500
   artifactory.search.userQueryLimit                                     | 1000
   artifactory.search.content.maxFragments                               | 500
   artifactory.search.content.maxFragmentsSize                           | 5000
   artifactory.search.archive.minQueryLength                             | 3
   artifactory.search.pattern.timeoutSecs                                | 30
   artifactory.gc.useIndex                                               | false
   artifactory.gc.intervalSecs                                           | 86400
   artifactory.gc.delaySecs                                              | 7200
   artifactory.gc.sleepBetweenNodesMillis                                | 20
   artifactory.gc.scanStartSleepingThresholdMillis                       | 20000
   artifactory.gc.scanSleepBetweenIterationsMillis                       | 200
   artifactory.gc.fileScanSleepIterationMillis                           | 1000
   artifactory.gc.fileScanSleepMillis                                    | 250
   artifactory.gc.maxCacheEntries                                        | 10000
   artifactory.gc.readersMaxTimeSecs                                     | 10800
   artifactory.gc.failCount.threshold                                    | 3
   artifactory.traffic.collectionActive                                  | false
   artifactory.security.authentication.cache.initSize                    | 100
   artifactory.security.authentication.cache.idleTimeSecs                | 300
   artifactory.security.userLastAccessUpdatesResolutionSecs              | 5
   artifactory.security.master.key                                       | ************************
   artifactory.security.master.key.numOfFallbackKeys                     | *
   artifactory.security.disableRememberMe                                | false
   artifactory.security.ldap.forceGroupMemberAttFullDN                   | false
   artifactory.security.ldap.disable.group.search.attributes.limitation  | false
   artifactory.security.ldap.group.search.filterThreshold                | 0
   artifactory.enable.aql.read.committed                                 | false
   artifactory.mvn.central.hostPattern                                   | .maven.org
   artifactory.mvn.central.indexerMaxQueryIntervalSecs                   | 86400
   artifactory.mvn.metadata.plugin.calculation.workers                   | 2
   artifactory.mvn.metadata.calculation.workers                          | 8
   artifactory.mvn.dynamicMetadata.cacheRetentionSecs                    | 10
   artifactory.mvn.metadata.version3.enabled                             | true
   artifactory.mvn.custom.types                                          | tar.gz,tar.bz2
   artifactory.request.disableVersionTokens                              | false
   artifactory.request.searchLatestReleaseByDateCreated                  | false
   artifactory.build.maxFoldersToScanForDeletionWarnings                 | 2
   artifactory.build.checksum.cache.idleTimeSecs                         | 300
   artifactory.updates.refreshIntervalSecs                               | 14400
   artifactory.updates.url                                               | http://service.jfrog.org/artifactory/updates
   artifactory.artifactoryRequestsToGlobalCanRetrieveRemoteArtifacts     | false
   artifactory.ui.syntaxColoringMaxTextSizeBytes                         | 512000
   artifactory.plugin.scripts.refreshIntervalSecs                        | 0
   artifactory.plugin.aol.support                                        | false
   artifactory.aol.dedicated.server                                      | false
   artifactory.aol.displayAccountManagementLink                          | true
   artifactory.aol.security.http.sso.enable                              | false
   artifactory.file.roller.maxFileToRetain                               | 10
   artifactory.backup.fileExportSleepIterationMillis                     | 2000
   artifactory.backup.fileExportSleepMillis                              | 250
   artifactory.http.acceptEncoding.gzip                                  | true
   artifactory.http.useExpectContinue                                    | false
   artifactory.http.forceForbiddenResponse                               | false
   artifactory.http.connectionPool.timeToLive                            | 30
   artifactory.http.enableCookieManagement                               | false
   artifactory.filtering.resourceSizeKb                                  | 64
   artifactory.repo.remote.checkForExistingResourceOnRequest             | true
   artifactory.version.query.enabled                                     | true
   artifactory.response.disableContentDispositionFilename                | false
   artifactory.composer.metadata.extractor.workers                       | 20
   artifactory.composer.metadata.index.workers                           | 10
   artifactory.yum.virtual.metadata.calculation.workers                  | 5
   artifactory.yum.calculationRequest.aggregationTimeWindowSecs          | 60
   artifactory.yum.calculationRequest.aggregationCycleSecs               | 60
   artifactory.debian.metadata.calculation.workers                       | 8
   artifactory.debian.remote.etag                                        | true
   artifactory.debian.metadata.validation                                | true
   artifactory.archive.licenseFile.names                                 | license,LICENSE,license.txt,LICENSE.txt,LICENSE.TXT
   artifactory.ui.search.maxRowsPerPage                                  | 20
   artifactory.replication.checksumDeploy.minSizeKb                      | 10
   artifactory.replication.consumer.queueSize                            | 1
   artifactory.replication.local.iteration.sleepThresholdMillis          | 1000
   artifactory.replication.local.iteration.sleepMillis                   | 100
   artifactory.replication.event.queue.size                              | 50000
   artifactory.replication.properties.max.length                         | 100000
   artifactory.replication.statistics.max.length                         | 5000
   artifactory.request.explodedArchiveExtensions                         | zip,tar,tar.gz,tgz
   artifactory.bintray.jcenter.url                                       | http://jcenter.bintray.com
   artifactory.bintray.url                                               | https://bintray.com
   artifactory.bintray.api.url                                           | https://api.bintray.com
   artifactory.bintray.token.expirySecs                                  | 3600
   artifactory.bintray.distributionRegex.timeoutMillis                   | 180000
   artifactory.bintray.ui.hideUploads                                    | false
   artifactory.bintray.ui.hideInfo                                       | false
   artifactory.bintray.ui.hideRemoteSearch                               | false
   artifactory.bintray.client.threadPool.size                            | 5
   artifactory.enable.ui.pages.in.Iframe                                 | false
   artifactory.bintray.client.requestTimeoutMS                           | 150000
   artifactory.bintray.client.distribution.requestTimeoutMS              | 30000
   artifactory.bintray.client.signRequestTimeoutMS                       | 45000
   artifactory.useUserNameAutoCompleteOnLogin                            | on
   artifactory.ui.hideEncryptedPassword                                  | *****
   artifactory.stats.flushIntervalSecs                                   | 30
   artifactory.stats.remote.flushIntervalSecs                            | 35
   artifactory.stats.flushTimeoutSecs                                    | 120
   artifactory.integrationCleanup.intervalSecs                           | 300
   artifactory.integrationCleanup.quietPeriodSecs                        | 60
   artifactory.folderPruning.intervalSecs                                | 300
   artifactory.folderPruning.quietPeriodSecs                             | 60
   artifactory.repo.virtualCacheCleanup.maxAgeHours                      | 168
   artifactory.repo.virtualCacheCleanup.pattern                          | *.pom
   artifactory.security.authentication.password.salt                     | ****************
   artifactory.db.idGenerator.fetch.amount                               | 2000
   artifactory.db.idGenerator.max.update.retries                         | 50
   artifactory.gems.localIndexTaskIntervalSecs                           | 30
   artifactory.gems.virtualIndexTaskIntervalSecs                         | 300
   artifactory.gems.gemsIndexTaskQueueLimit                              | 20000
   artifactory.gems.gemsAfterRepoInitHack                                | true
   artifactory.security.authentication.crowd.group.startIndex            | 0
   artifactory.security.authentication.crowd.group.maxResults            | 9999
   artifactory.ui.hideChecksums                                          | false
   artifactory.archive.indexer.intervalSecs                              | 60
   artifactory.xray.indexer.intervalSecs                                 | 60
   artifactory.xray.force.reindex                                        | false
   artifactory.xray.scanBuild.httpClient.max.connections                 | 30
   artifactory.nuget.inMemoryRemoteCaches                                | true
   artifactory.nuget.forceAuthentication                                 | false
   artifactory.nuget.allowRootGetWithAnon                                | false
   artifactory.ha.heartbeat.intervalSecs                                 | 5
   artifactory.ha.heartbeat.staleSecs                                    | 30
   artifactory.ha.heartbeat.recently.worked.trigger.days                 | 7
   artifactory.binary.store.error.notification.intervalSecs              | 30
   artifactory.binary.store.error.notification.staleSecs                 | 30
   artifactory.ha.membersIntroduction.intervalSecs                       | 30
   artifactory.ha.membersIntroduction.staleSecs                          | 30
   artifactory.npm.index.quietPeriodSecs                                 | 60
   artifactory.npm.index.cycleSecs                                       | 60
   artifactory.import.max.parallelRepos                                  | 7
   artifactory.debian.distribution.path                                  | dists
   artifactory.opkg.index.quietPeriodSecs                                | 60
   artifactory.opkg.index.cycleSecs                                      | 2
   artifactory.debian.default.architectures                              | i386,amd64
   artifactory.pypi.index.quietPeriodSecs                                | 60
   artifactory.pypi.index.sleepMilliSecs                                 | 60
   artifactory.docker.cleanup.maxAgeMillis                               | 86400000
   artifactory.docker.tags.cleanup.intervalSecs                          | 300
   artifactory.docker.tags.cleanup.quietPeriodSecs                       | 60
   artifactory.http.range.support                                        | true
   artifactory.acl.dirty.read.timeout                                    | 20000
   artifactory.central.config.dirty.read.timeout.millis                  | 2000
   artifactory.repositories.dirty.read.timeout.millis                    | 5000
   artifactory.ping.allowUnauthenticated                                 | false
   artifactory.repo.http.idleConnectionMonitorInterval                   | 10
   artifactory.repo.http.disableIdleConnectionMonitoring                 | false
   artifactory.support.core.bundle.contentCollectionAwaitTimeout         | 60
   artifactory.support.core.bundle.waitForSlotBeforeWithdraw             | 600
   artifactory.support.core.bundle.maxBundles                            | 5
   artifactory.binary.provider.zones                                     | a,b,c
   artifactory.binary.provider.prune.chunk.size                          | 500
   artifactory.properties.search.chunk.size                              | 500
   artifactory.security.useFrontCacheForBlockedUsers                     | true
   artifactory.security.loginBlockDelay                                  | 500
   artifactory.security.password.expiry.passwordExpireNotificationJobIntervalSecs| *****
   artifactory.security.password.expiry.passwordExpireJobIntervalSecs    | *****
   artifactory.security.password.expiry.daysToNotifyBefore               | *
   artifactory.http.client.max.total.connections                         | 50
   artifactory.http.client.max.connections.per.route                     | 50
   artifactory.hazelcast.max.lock.lease.time.seconds                     | 30
   artifactory.repo.remote.blockedMismatchingMimeTypes                   | text/html,application/xhtml+xml
   artifactory.mvn.metadata.calculation.skip.delete.event                | false
   artifactory.repo.remote.browsing.content.length.limit.KB              | 1024
   artifactory.hazelcast.management                                      | false
   artifactory.sumologic.api.url                                         | https://auth.sumologic.com
   artifactory.move.copy.max.folder.cache.size                           | 1000000
   artifactory.move.copy.default.transaction.size                        | 1000
   artifactory.node.properties.replace.all                               | false
   artifactory.node.properties.log.performance                           | false
   artifactory.workQueue.execution.syncExecutionTimeoutMillis            | 120000
   artifactory.security.communication.constant                           | ArtifactorySecurityCommunicationConstant
   artifactory.nuget.disablePermissionCheck                              | false
   artifactory.treebrowser.sortRepositories.sortByType                   | distribution,local,remote,virtual
   artifactory.maven.metadata.publishModelVersion                        | true
   artifactory.access.token.expiresIn.default                            | 3600
   artifactory.onboarding.skipWizard                                     | false
   artifactory.configuration.manager.retry.amount                        | 3
   artifactory.home                                                      | /opt/jfrog/artifactory

 Java System Info
 ========================
   java.class.version                                                    | 52.0
   java.home                                                             | /usr/lib/jvm/java-8-openjdk-amd64/jre
   java.io.tmpdir                                                        | /opt/jfrog/artifactory/tomcat/temp
   java.runtime.name                                                     | OpenJDK Runtime Environment
   java.runtime.version                                                  | 1.8.0_102-8u102-b14.1-1~bpo8+1-b14
   java.specification.name                                               | Java Platform API Specification
   java.specification.vendor                                             | Oracle Corporation
   java.specification.version                                            | 1.8
   java.vendor                                                           | Oracle Corporation
   java.vendor.url                                                       | http://java.oracle.com/
   java.vendor.url.bug                                                   | http://bugreport.sun.com/bugreport/
   java.version                                                          | 1.8.0_102
   java.vm.info                                                          | mixed mode
   java.vm.name                                                          | OpenJDK 64-Bit Server VM
   java.vm.specification.name                                            | Java Virtual Machine Specification
   java.vm.specification.vendor                                          | Oracle Corporation
   java.vm.specification.version                                         | 1.8
   java.vm.vendor                                                        | Oracle Corporation
   java.vm.version                                                       | 25.102-b14
   sun.arch.data.model                                                   | 64
   sun.boot.library.path                                                 | /usr/lib/jvm/java-8-openjdk-amd64/jre/lib/amd64
   sun.cpu.endian                                                        | little
   sun.cpu.isalist                                                       | 
   sun.io.unicode.encoding                                               | UnicodeLittle
   sun.java.launcher                                                     | SUN_STANDARD
   sun.jnu.encoding                                                      | UTF-8
   sun.management.compiler                                               | HotSpot 64-Bit Tiered Compilers
   sun.os.patch.level                                                    | unknown
   JVM Input arguments                                                   | -Djava.util.logging.config.file=/opt/jfrog/artifactory/tomcat/conf/logging.properties
                                                                         | -Djava.util.logging.manager=org.apache.juli.ClassLoaderLogManager
                                                                         | -Djdk.tls.ephemeralDHKeySize=****
                                                                         | -Djava.protocol.handler.pkgs=org.apache.catalina.webresources
                                                                         | -Xms512m
                                                                         | -Xmx2g
                                                                         | -Xss256k
                                                                         | -XX:+UseG1GC
                                                                         | -XX:OnOutOfMemoryError=kill -9 %p
                                                                         | -Djruby.compile.invokedynamic=false
                                                                         | -Dfile.encoding=UTF8
                                                                         | -Dartdist=zip
                                                                         | -Dorg.apache.tomcat.util.buf.UDecoder.ALLOW_ENCODED_SLASH=true
                                                                         | -Djava.security.egd=file:/dev/./urandom
                                                                         | -Dartifactory.home=/opt/jfrog/artifactory
                                                                         | -Dfile.encoding=UTF8
                                                                         | -Djruby.compile.invokedynamic=false
                                                                         | -Djava.endorsed.dirs=/opt/jfrog/artifactory/tomcat/endorsed
                                                                         | -Dcatalina.base=/opt/jfrog/artifactory/tomcat
                                                                         | -Dcatalina.home=/opt/jfrog/artifactory/tomcat
                                                                         | -Djava.io.tmpdir=/opt/jfrog/artifactory/tomcat/temp

 Java Class Path Info
 ========================
   sun.boot.class.path                                                   | /usr/lib/jvm/java-8-openjdk-amd64/jre/lib/resources.jar
                                                                         | /usr/lib/jvm/java-8-openjdk-amd64/jre/lib/rt.jar
                                                                         | /usr/lib/jvm/java-8-openjdk-amd64/jre/lib/sunrsasign.jar
                                                                         | /usr/lib/jvm/java-8-openjdk-amd64/jre/lib/jsse.jar
                                                                         | /usr/lib/jvm/java-8-openjdk-amd64/jre/lib/jce.jar
                                                                         | /usr/lib/jvm/java-8-openjdk-amd64/jre/lib/charsets.jar
                                                                         | /usr/lib/jvm/java-8-openjdk-amd64/jre/lib/jfr.jar
                                                                         | /usr/lib/jvm/java-8-openjdk-amd64/jre/classes
   java.library.path                                                     | /usr/java/packages/lib/amd64:/usr/lib/x86_64-linux-gnu/jni:/lib/x86_64-linux-gnu:/usr/lib/x86_64-linux-gnu:/usr/lib/jni:/lib:/usr/lib
   java.endorsed.dirs                                                    | /opt/jfrog/artifactory/tomcat/endorsed
   java.ext.dirs                                                         | /usr/lib/jvm/java-8-openjdk-amd64/jre/lib/ext:/usr/java/packages/lib/ext
   java.class.path                                                       | /opt/jfrog/artifactory/tomcat/bin/bootstrap.jar
                                                                         | /opt/jfrog/artifactory/tomcat/bin/tomcat-juli.jar

2018-05-29 21:41:09,880 [art-init] [INFO ] (o.a.s.SecurityServiceImpl:2158) - Creating the default super user 'admin', since no admin user exists!
2018-05-29 21:41:10,030 [art-init] [INFO ] (o.a.s.SecurityServiceImpl:2185) - Creating the default anonymous user, since it does not exist!
2018-05-29 21:41:10,513 [art-init] [INFO ] (o.a.c.c.ConfigurationManagerImpl:374) - Replacing temporary DB channel with permanent DB channel
2018-05-29 21:41:10,515 [art-init] [INFO ] (o.a.c.c.ConfigurationManagerImpl:377) - Successfully closed temporary DB channel
2018-05-29 21:41:10,550 [Thread-5] [INFO ] (o.a.c.c.w.FileWatchingManager:63) - Starting watch of folder configurations
2018-05-29 21:41:10,618 [art-init] [INFO ] (o.a.c.c.ConfigurationManagerImpl:275) - [Node ID: 8ac2899c126f1c7f:-11dff452:163add83d64:-8000] detected local modify for config 'db.properties'
2018-05-29 21:41:10,653 [art-init] [INFO ] (o.a.c.c.ConfigurationManagerImpl:275) - [Node ID: 8ac2899c126f1c7f:-11dff452:163add83d64:-8000] detected local modify for config 'artifactory.system.properties'
2018-05-29 21:41:10,720 [art-init] [INFO ] (o.a.c.c.ConfigurationManagerImpl:275) - [Node ID: 8ac2899c126f1c7f:-11dff452:163add83d64:-8000] detected local modify for config 'artifactory.mimeType'
2018-05-29 21:41:10,745 [art-init] [INFO ] (o.a.c.c.ConfigurationManagerImpl:275) - [Node ID: 8ac2899c126f1c7f:-11dff452:163add83d64:-8000] detected local modify for config 'artifactory.binarystore.xml'
2018-05-29 21:41:10,885 [art-init] [INFO ] (o.a.s.ArtifactoryApplicationContext:433) - Artifactory application context set to READY by refresh
2018-05-29 21:41:10,895 [art-init] [INFO ] (o.a.c.ConvertersManagerImpl:206) - Sending configuration update message to slaves
2018-05-29 21:41:10,939 [art-init] [INFO ] (o.a.w.s.ArtifactoryContextConfigListener:215) - 
###########################################################
### Artifactory successfully started (31.840 seconds)   ###
###########################################################

2018-05-30 14:30:24,106 [art-exec-1821] [INFO ] (o.a.r.c.VirtualCacheCleanupServiceImpl:128) - Starting cleanup of virtual repositories
2018-05-30 14:30:24,250 [art-exec-1821] [INFO ] (o.a.r.c.VirtualCacheCleanupServiceImpl:132) - Completed virtual repositories cleanup: removed 0 cached files.
2018-05-30 14:30:24,436 [art-exec-1823] [INFO ] (o.a.s.ArtifactoryApplicationContext:541) - Beginning full system export...
2018-05-30 14:30:24,466 [art-exec-1823] [INFO ] (o.a.s.ArtifactoryApplicationContext:568) - Creating temp export directory: /opt/jfrog/artifactory/backup/backup-daily/current
2018-05-30 14:30:24,497 [art-exec-1823] [INFO ] (o.a.s.ArtifactoryApplicationContext:575) - Using backup directory: '/opt/jfrog/artifactory/backup/backup-daily/current'.
2018-05-30 14:30:24,500 [art-exec-1823] [INFO ] (o.a.c.CentralConfigServiceImpl:387) - Exporting config...
2018-05-30 14:30:24,906 [art-exec-1823] [INFO ] (o.a.s.ArtifactoryApplicationContext:803) - Exporting security...
2018-05-30 14:30:25,152 [art-exec-1820] [INFO ] (o.a.r.s.t.p.TrashcanPruner:92) - Trashcan pruning total execution time: '779 millis'
2018-05-30 14:30:25,284 [art-exec-1823] [INFO ] (o.a.s.a.AccessServiceImpl:466) - Triggering export in access server...
2018-05-30 14:30:25,335 [art-exec-1820] [INFO ] (o.a.s.b.s.GarbageCollectorInfo:80) - Storage garbage collector report:
Number of binaries:      0
Total execution time:    164 millis
Candidates for deletion: 0
Checksums deleted:       0
Binaries deleted:        0
Total size freed:        0 bytes
Current total size:      0 bytes
2018-05-30 14:30:27,407 [art-exec-1823] [INFO ] (o.a.s.ArtifactoryApplicationContext:815) - Exporting build info...
2018-05-30 14:30:27,495 [art-exec-1823] [INFO ] (o.a.r.s.RepositoryServiceImpl:749) - Exporting repositories...
2018-05-30 14:30:27,544 [art-exec-1823] [INFO ] (o.a.r.d.i.DbRepoExportHandler:75) - example-repo-local export started with 1 nodes to: '/opt/jfrog/artifactory/backup/backup-daily/current/repositories/example-repo-local'
2018-05-30 14:30:28,246 [art-exec-1823] [INFO ] (o.a.r.d.i.DbRepoExportHandler:85) - example-repo-local export finished with: 1 Items exported (0 files and 1 folders), 0 Item skipped: (0 files and 0 folders).Duration: 717.48 millis IPS: 1.39 Target: '/opt/jfrog/artifactory/backup/backup-daily/current/repositories/example-repo-local'
2018-05-30 14:30:28,259 [art-exec-1823] [INFO ] (o.a.s.ArtifactoryApplicationContext:655) - Full system export completed successfully.
2018-05-30 16:08:46,948 [art-exec-2039] [INFO ] (o.a.r.s.t.p.TrashcanPruner:92) - Trashcan pruning total execution time: '8 millis'
2018-05-30 16:08:46,958 [art-exec-2039] [INFO ] (o.a.s.b.s.GarbageCollectorInfo:80) - Storage garbage collector report:
Number of binaries:      0
Total execution time:    6 millis
Candidates for deletion: 0
Checksums deleted:       0
Binaries deleted:        0
Total size freed:        0 bytes
Current total size:      0 bytes
2018-05-30 20:00:00,008 [art-exec-4450] [INFO ] (o.a.r.s.t.p.TrashcanPruner:92) - Trashcan pruning total execution time: '6 millis'
2018-05-30 20:00:00,020 [art-exec-4450] [INFO ] (o.a.s.b.s.GarbageCollectorInfo:80) - Storage garbage collector report:
Number of binaries:      0
Total execution time:    1 millis
Candidates for deletion: 0
Checksums deleted:       0
Binaries deleted:        0
Total size freed:        0 bytes
Current total size:      0 bytes
2018-05-31 15:00:56,091 [art-exec-5465] [INFO ] (o.a.r.s.t.p.TrashcanPruner:92) - Trashcan pruning total execution time: '3 millis'
2018-05-31 15:00:56,095 [art-exec-5466] [INFO ] (o.a.r.c.VirtualCacheCleanupServiceImpl:128) - Starting cleanup of virtual repositories
2018-05-31 15:00:56,101 [art-exec-5466] [INFO ] (o.a.r.c.VirtualCacheCleanupServiceImpl:132) - Completed virtual repositories cleanup: removed 0 cached files.
2018-05-31 15:00:56,103 [art-exec-5465] [INFO ] (o.a.s.b.s.GarbageCollectorInfo:80) - Storage garbage collector report:
Number of binaries:      0
Total execution time:    2 millis
Candidates for deletion: 0
Checksums deleted:       0
Binaries deleted:        0
Total size freed:        0 bytes
Current total size:      0 bytes
2018-05-31 15:00:56,104 [art-exec-5464] [INFO ] (o.a.s.ArtifactoryApplicationContext:541) - Beginning full system export...
2018-05-31 15:00:56,110 [art-exec-5464] [INFO ] (o.a.s.ArtifactoryApplicationContext:568) - Creating temp export directory: /opt/jfrog/artifactory/backup/backup-daily/current
2018-05-31 15:00:56,208 [art-exec-5464] [INFO ] (o.a.s.ArtifactoryApplicationContext:575) - Using backup directory: '/opt/jfrog/artifactory/backup/backup-daily/current'.
2018-05-31 15:00:56,348 [art-exec-5464] [INFO ] (o.a.c.CentralConfigServiceImpl:387) - Exporting config...
2018-05-31 15:00:56,945 [art-exec-5464] [INFO ] (o.a.s.ArtifactoryApplicationContext:803) - Exporting security...
2018-05-31 15:00:56,994 [art-exec-5464] [INFO ] (o.a.s.a.AccessServiceImpl:466) - Triggering export in access server...
2018-05-31 15:01:01,860 [art-exec-5464] [INFO ] (o.a.s.ArtifactoryApplicationContext:815) - Exporting build info...
2018-05-31 15:01:02,023 [art-exec-5464] [INFO ] (o.a.r.s.RepositoryServiceImpl:749) - Exporting repositories...
2018-05-31 15:01:02,038 [art-exec-5464] [INFO ] (o.a.r.d.i.DbRepoExportHandler:75) - example-repo-local export started with 1 nodes to: '/opt/jfrog/artifactory/backup/backup-daily/current/repositories/example-repo-local'
2018-05-31 15:01:02,151 [art-exec-5464] [INFO ] (o.a.r.d.i.DbRepoExportHandler:85) - example-repo-local export finished with: 1 Items exported (0 files and 1 folders), 0 Item skipped: (0 files and 0 folders).Duration: 114.43 millis IPS: 8.74 Target: '/opt/jfrog/artifactory/backup/backup-daily/current/repositories/example-repo-local'
2018-05-31 15:01:02,174 [art-exec-5464] [INFO ] (o.a.s.ArtifactoryApplicationContext:655) - Full system export completed successfully.
