----------------------------------------------------------------
Tue May 29 21:40:23 UTC 2018:
Booting Derby version The Apache Software Foundation - Apache Derby - 10.11.1.1 - (1616546): instance a816c00e-0163-add8-492b-0000151ebde8 
on database directory /var/opt/jfrog/artifactory/data/derby with class loader WebappClassLoader
  context: artifactory
  delegate: false
----------> Parent Classloader:
java.net.URLClassLoader@33c7353a
 
Loaded from file:/opt/jfrog/artifactory/tomcat/webapps/artifactory/WEB-INF/lib/derby-10.11.1.1.jar
java.vendor=Oracle Corporation
java.runtime.version=1.8.0_102-8u102-b14.1-1~bpo8+1-b14
user.dir=/
os.name=Linux
os.arch=amd64
os.version=4.9.87-linuxkit-aufs
derby.system.home=null
derby.stream.error.file=/opt/jfrog/artifactory/logs/derby.log
Database Class Loader started - derby.database.classpath=''
Tue May 29 21:40:28 UTC 2018 Thread[localhost-startStop-1,5,main] (XID = 167), (SESSIONID = 1), (DATABASE = /opt/jfrog/artifactory/data/derby), (DRDAID = null), Cleanup action starting
Tue May 29 21:40:28 UTC 2018 Thread[localhost-startStop-1,5,main] (XID = 167), (SESSIONID = 1), (DATABASE = /opt/jfrog/artifactory/data/derby), (DRDAID = null), Failed Statement is: SELECT * FROM configs
ERROR 42X05: Table/View 'CONFIGS' does not exist.
	at org.apache.derby.iapi.error.StandardException.newException(Unknown Source)
	at org.apache.derby.iapi.error.StandardException.newException(Unknown Source)
	at org.apache.derby.impl.sql.compile.FromBaseTable.bindTableDescriptor(Unknown Source)
	at org.apache.derby.impl.sql.compile.FromBaseTable.bindNonVTITables(Unknown Source)
	at org.apache.derby.impl.sql.compile.FromList.bindTables(Unknown Source)
	at org.apache.derby.impl.sql.compile.SelectNode.bindNonVTITables(Unknown Source)
	at org.apache.derby.impl.sql.compile.DMLStatementNode.bindTables(Unknown Source)
	at org.apache.derby.impl.sql.compile.DMLStatementNode.bind(Unknown Source)
	at org.apache.derby.impl.sql.compile.CursorNode.bindStatement(Unknown Source)
	at org.apache.derby.impl.sql.GenericStatement.prepMinion(Unknown Source)
	at org.apache.derby.impl.sql.GenericStatement.prepare(Unknown Source)
	at org.apache.derby.impl.sql.conn.GenericLanguageConnectionContext.prepareInternalStatement(Unknown Source)
	at org.apache.derby.impl.jdbc.EmbedPreparedStatement.<init>(Unknown Source)
	at org.apache.derby.impl.jdbc.EmbedPreparedStatement42.<init>(Unknown Source)
	at org.apache.derby.jdbc.Driver42.newEmbedPreparedStatement(Unknown Source)
	at org.apache.derby.impl.jdbc.EmbedConnection.prepareStatement(Unknown Source)
	at org.apache.derby.impl.jdbc.EmbedConnection.prepareStatement(Unknown Source)
	at org.artifactory.common.config.db.TemporaryDBChannel.executeSelect(TemporaryDBChannel.java:43)
	at org.artifactory.common.config.db.ConfigsDataAccessObject.isConfigsTableExist(ConfigsDataAccessObject.java:45)
	at org.artifactory.common.config.ConfigurationManagerImpl.initDbChannels(ConfigurationManagerImpl.java:113)
	at org.artifactory.webapp.servlet.BasicConfigManagers.initHomes(BasicConfigManagers.java:68)
	at org.artifactory.webapp.servlet.BasicConfigManagers.initialize(BasicConfigManagers.java:56)
	at org.artifactory.webapp.servlet.ArtifactoryHomeConfigListener.contextInitialized(ArtifactoryHomeConfigListener.java:53)
	at org.apache.catalina.core.StandardContext.listenerStart(StandardContext.java:4853)
	at org.apache.catalina.core.StandardContext.startInternal(StandardContext.java:5314)
	at org.apache.catalina.util.LifecycleBase.start(LifecycleBase.java:145)
	at org.apache.catalina.core.ContainerBase.addChildInternal(ContainerBase.java:753)
	at org.apache.catalina.core.ContainerBase.addChild(ContainerBase.java:729)
	at org.apache.catalina.core.StandardHost.addChild(StandardHost.java:717)
	at org.apache.catalina.startup.HostConfig.deployDescriptor(HostConfig.java:587)
	at org.apache.catalina.startup.HostConfig$DeployDescriptor.run(HostConfig.java:1798)
	at java.util.concurrent.Executors$RunnableAdapter.call(Executors.java:511)
	at java.util.concurrent.FutureTask.run(FutureTask.java:266)
	at java.util.concurrent.ThreadPoolExecutor.runWorker(ThreadPoolExecutor.java:1142)
	at java.util.concurrent.ThreadPoolExecutor$Worker.run(ThreadPoolExecutor.java:617)
	at java.lang.Thread.run(Thread.java:745)
Cleanup action completed
Tue May 29 21:40:28 UTC 2018 Thread[localhost-startStop-1,5,main] (XID = 170), (SESSIONID = 3), (DATABASE = /opt/jfrog/artifactory/data/derby), (DRDAID = null), Cleanup action starting
Tue May 29 21:40:28 UTC 2018 Thread[localhost-startStop-1,5,main] (XID = 170), (SESSIONID = 3), (DATABASE = /opt/jfrog/artifactory/data/derby), (DRDAID = null), Failed Statement is: SELECT * FROM db_properties
ERROR 42X05: Table/View 'DB_PROPERTIES' does not exist.
	at org.apache.derby.iapi.error.StandardException.newException(Unknown Source)
	at org.apache.derby.iapi.error.StandardException.newException(Unknown Source)
	at org.apache.derby.impl.sql.compile.FromBaseTable.bindTableDescriptor(Unknown Source)
	at org.apache.derby.impl.sql.compile.FromBaseTable.bindNonVTITables(Unknown Source)
	at org.apache.derby.impl.sql.compile.FromList.bindTables(Unknown Source)
	at org.apache.derby.impl.sql.compile.SelectNode.bindNonVTITables(Unknown Source)
	at org.apache.derby.impl.sql.compile.DMLStatementNode.bindTables(Unknown Source)
	at org.apache.derby.impl.sql.compile.DMLStatementNode.bind(Unknown Source)
	at org.apache.derby.impl.sql.compile.CursorNode.bindStatement(Unknown Source)
	at org.apache.derby.impl.sql.GenericStatement.prepMinion(Unknown Source)
	at org.apache.derby.impl.sql.GenericStatement.prepare(Unknown Source)
	at org.apache.derby.impl.sql.conn.GenericLanguageConnectionContext.prepareInternalStatement(Unknown Source)
	at org.apache.derby.impl.jdbc.EmbedPreparedStatement.<init>(Unknown Source)
	at org.apache.derby.impl.jdbc.EmbedPreparedStatement42.<init>(Unknown Source)
	at org.apache.derby.jdbc.Driver42.newEmbedPreparedStatement(Unknown Source)
	at org.apache.derby.impl.jdbc.EmbedConnection.prepareStatement(Unknown Source)
	at org.apache.derby.impl.jdbc.EmbedConnection.prepareStatement(Unknown Source)
	at org.artifactory.common.config.db.TemporaryDBChannel.executeSelect(TemporaryDBChannel.java:43)
	at org.artifactory.common.config.db.DbVersionDataAccessObject.isDbPropertiesTableExists(DbVersionDataAccessObject.java:38)
	at org.artifactory.converter.VersionProviderImpl.tryToResolveFromDbUsingTempChannel(VersionProviderImpl.java:195)
	at org.artifactory.converter.VersionProviderImpl.getVersionInfoFromDbIfExists(VersionProviderImpl.java:154)
	at org.artifactory.converter.VersionProviderImpl.loadOriginalDbVersion(VersionProviderImpl.java:110)
	at org.artifactory.converter.VersionProviderImpl.init(VersionProviderImpl.java:99)
	at org.artifactory.webapp.servlet.BasicConfigManagers.initHomes(BasicConfigManagers.java:70)
	at org.artifactory.webapp.servlet.BasicConfigManagers.initialize(BasicConfigManagers.java:56)
	at org.artifactory.webapp.servlet.ArtifactoryHomeConfigListener.contextInitialized(ArtifactoryHomeConfigListener.java:53)
	at org.apache.catalina.core.StandardContext.listenerStart(StandardContext.java:4853)
	at org.apache.catalina.core.StandardContext.startInternal(StandardContext.java:5314)
	at org.apache.catalina.util.LifecycleBase.start(LifecycleBase.java:145)
	at org.apache.catalina.core.ContainerBase.addChildInternal(ContainerBase.java:753)
	at org.apache.catalina.core.ContainerBase.addChild(ContainerBase.java:729)
	at org.apache.catalina.core.StandardHost.addChild(StandardHost.java:717)
	at org.apache.catalina.startup.HostConfig.deployDescriptor(HostConfig.java:587)
	at org.apache.catalina.startup.HostConfig$DeployDescriptor.run(HostConfig.java:1798)
	at java.util.concurrent.Executors$RunnableAdapter.call(Executors.java:511)
	at java.util.concurrent.FutureTask.run(FutureTask.java:266)
	at java.util.concurrent.ThreadPoolExecutor.runWorker(ThreadPoolExecutor.java:1142)
	at java.util.concurrent.ThreadPoolExecutor$Worker.run(ThreadPoolExecutor.java:617)
	at java.lang.Thread.run(Thread.java:745)
Cleanup action completed
