2018-05-29 21:40:30,175 [localhost-startStop-1] [INFO ] (c.j.a.s.v.c.EnvironmentConversionRunner:65) - Running environment pre bootstrap conversion for version 1.0.0
2018-05-29 21:40:31,763 [localhost-startStop-1] [INFO ] (c.j.a.s.AccessApplicationContext:24) - Refreshing com.jfrog.access.server.AccessApplicationContext@2688ba9f: startup date [Tue May 29 21:40:31 UTC 2018]; root of context hierarchy
2018-05-29 21:40:33,672 [localhost-startStop-1] [INFO ] (c.j.a.s.d.u.AccessJdbcHelper:72) - Database: Apache Derby 10.11.1.1 - (1616546). Driver: Apache Derby Embedded JDBC Driver 10.11.1.1 - (1616546)
2018-05-29 21:40:33,674 [localhost-startStop-1] [INFO ] (c.j.a.s.d.u.AccessJdbcHelper:74) - Connection URL: jdbc:derby:/opt/jfrog/artifactory/data/derby
2018-05-29 21:40:34,341 [localhost-startStop-1] [INFO ] (c.j.a.s.d.u.AccessJdbcHelper:83) - ***Creating database schema***
2018-05-29 21:40:35,850 [localhost-startStop-1] [INFO ] (c.j.a.s.AccessServerBootstrap:283) - [ACCESS BOOTSTRAP] Generating private key and root certificate
2018-05-29 21:40:38,146 [localhost-startStop-1] [INFO ] (c.j.a.s.AccessServerBootstrap:181) - [ACCESS BOOTSTRAP] Server name not found in access properties. Setting server name: e5afaa2c-0ab4-498e-8c92-9e1ef7802af9
2018-05-29 21:40:38,236 [localhost-startStop-1] [INFO ] (c.j.a.s.AccessServerBootstrap:170) - [ACCESS BOOTSTRAP] Updating server 'e5afaa2c-0ab4-498e-8c92-9e1ef7802af9' private key finger print to: 5882db8290e15e347adb5aba7c041a118f5e90fce01d59a8e9f2cc88cc285b9b
2018-05-29 21:40:38,435 [localhost-startStop-1] [INFO ] (c.j.a.s.AccessServerBootstrap:355) - [ACCESS BOOTSTRAP] No admin user exists - creating default admin user.
2018-05-29 21:40:38,826 [localhost-startStop-1] [INFO ] (c.j.a.s.v.c.EnvironmentConversionRunner:91) - Running environment post bootstrap conversion for version 1.0.0
2018-05-30 14:30:25,357 [art-exec-1823] [INFO ] (c.j.a.s.b.AccessImporterExporter:39) - Exporting users...
2018-05-30 14:30:25,452 [art-exec-1823] [INFO ] (c.j.a.s.b.AccessImporterExporter:39) - Exporting servers...
2018-05-30 14:30:25,653 [art-exec-1823] [INFO ] (c.j.a.s.b.AccessImporterExporter:39) - Exporting tokens...
2018-05-30 14:30:25,663 [art-exec-1823] [INFO ] (c.j.a.s.b.AccessImporterExporter:39) - Exporting encryption...
2018-05-30 14:30:25,801 [art-exec-1823] [INFO ] (c.j.a.s.b.AccessImporterExporter:39) - Exporting config...
2018-05-30 14:30:25,870 [art-exec-1823] [INFO ] (c.j.a.s.b.AccessImporterExporter:39) - Exporting home...
2018-05-31 15:00:57,051 [art-exec-5464] [INFO ] (c.j.a.s.b.AccessImporterExporter:39) - Exporting users...
2018-05-31 15:00:57,066 [art-exec-5464] [INFO ] (c.j.a.s.b.AccessImporterExporter:39) - Exporting servers...
2018-05-31 15:00:57,072 [art-exec-5464] [INFO ] (c.j.a.s.b.AccessImporterExporter:39) - Exporting tokens...
2018-05-31 15:00:57,077 [art-exec-5464] [INFO ] (c.j.a.s.b.AccessImporterExporter:39) - Exporting encryption...
2018-05-31 15:00:57,241 [art-exec-5464] [INFO ] (c.j.a.s.b.AccessImporterExporter:39) - Exporting config...
2018-05-31 15:00:57,573 [art-exec-5464] [INFO ] (c.j.a.s.b.AccessImporterExporter:39) - Exporting home...
